TN:
SF:src/components/Card/index.tsx
FN:26,Card
FNF:1
FNH:0
FNDA:0,Card
DA:20,0
DA:27,0
LF:2
LH:0
BRF:0
BRH:0
end_of_record
TN:
SF:src/components/Form/Button/index.tsx
FN:14,Button
FNF:1
FNH:1
FNDA:6,Button
DA:15,6
LF:1
LH:1
BRF:0
BRH:0
end_of_record
TN:
SF:src/components/Form/CategorySelectButton/index.tsx
FN:15,CategorySelectButton
FNF:1
FNH:1
FNDA:3,CategorySelectButton
DA:16,3
LF:1
LH:1
BRF:0
BRH:0
end_of_record
TN:
SF:src/components/Form/Input/index.tsx
FN:10,Input
FNF:1
FNH:1
FNDA:7,Input
DA:11,7
LF:1
LH:1
BRDA:10,0,0,6
BRF:1
BRH:1
end_of_record
TN:
SF:src/components/Form/InputForm/index.tsx
FN:15,InputForm
FN:20,(anonymous_1)
FNF:2
FNH:2
FNDA:6,InputForm
FNDA:6,(anonymous_1)
DA:16,6
DA:21,6
LF:2
LH:2
BRDA:29,0,0,6
BRDA:29,0,1,0
BRF:2
BRH:1
end_of_record
TN:
SF:src/components/Form/TransactionTypeButton/index.tsx
FN:22,TransactionTypeButton
FNF:1
FNH:1
FNDA:6,TransactionTypeButton
DA:17,1
DA:23,6
LF:2
LH:2
BRF:0
BRH:0
end_of_record
TN:
SF:src/components/HistoryCard/index.tsx
FN:15,HistoryCard
FNF:1
FNH:0
FNDA:0,HistoryCard
DA:16,0
LF:1
LH:0
BRF:0
BRH:0
end_of_record
TN:
SF:src/components/SignInSocialButton/index.tsx
FN:16,SignInSocialButton
FNF:1
FNH:0
FNDA:0,SignInSocialButton
DA:17,0
LF:1
LH:0
BRF:0
BRH:0
end_of_record
TN:
SF:src/components/TransactionCard/index.tsx
FN:29,TransactionCard
FN:31,(anonymous_1)
FNF:2
FNH:0
FNDA:0,TransactionCard
FNDA:0,(anonymous_1)
DA:30,0
DA:31,0
DA:34,0
LF:3
LH:0
BRDA:38,0,0,0
BRDA:38,0,1,0
BRF:2
BRH:0
end_of_record
TN:
SF:src/hooks/auth.tsx
FN:45,AuthProvider
FN:49,signInWithGoogle
FN:78,signInWithApple
FN:104,signOut
FN:115,(anonymous_4)
FN:124,(anonymous_5)
FN:125,loadStorageData
FN:145,useAuth
FNF:8
FNH:5
FNDA:7,AuthProvider
FNDA:4,signInWithGoogle
FNDA:0,signInWithApple
FNDA:0,signOut
FNDA:0,(anonymous_4)
FNDA:3,(anonymous_5)
FNDA:3,loadStorageData
FNDA:10,useAuth
DA:11,2
DA:12,2
DA:43,2
DA:46,7
DA:47,7
DA:50,4
DA:51,4
DA:52,4
DA:54,4
DA:56,4
DA:58,2
DA:59,1
DA:61,1
DA:63,1
DA:70,1
DA:74,2
DA:79,0
DA:80,0
DA:87,0
DA:88,0
DA:95,0
DA:96,0
DA:100,0
DA:105,0
DA:116,0
DA:117,0
DA:124,7
DA:126,3
DA:128,3
DA:129,0
DA:132,3
DA:135,3
DA:138,7
DA:146,10
DA:148,10
LF:35
LH:24
BRDA:58,0,0,1
BRDA:58,0,1,1
BRDA:87,1,0,0
BRDA:87,1,1,0
BRDA:128,2,0,0
BRDA:128,2,1,3
BRF:6
BRH:3
end_of_record
TN:
SF:src/routes/app.routes.tsx
FN:13,AppRoutes
FN:33,(anonymous_1)
FN:46,(anonymous_2)
FN:59,(anonymous_3)
FNF:4
FNH:0
FNDA:0,AppRoutes
FNDA:0,(anonymous_1)
FNDA:0,(anonymous_2)
FNDA:0,(anonymous_3)
DA:11,0
DA:14,0
DA:16,0
DA:34,0
DA:47,0
DA:60,0
LF:6
LH:0
BRDA:24,0,0,0
BRDA:24,0,1,0
BRF:2
BRH:0
end_of_record
TN:
SF:src/routes/auth.routes.tsx
FN:8,AuthRoutes
FNF:1
FNH:0
FNDA:0,AuthRoutes
DA:6,0
DA:9,0
LF:2
LH:0
BRF:0
BRH:0
end_of_record
TN:
SF:src/routes/index.tsx
FN:9,Routes
FNF:1
FNH:0
FNDA:0,Routes
DA:10,0
DA:12,0
LF:2
LH:0
BRDA:14,0,0,0
BRDA:14,0,1,0
BRF:2
BRH:0
end_of_record
TN:
SF:src/screens/CategorySelect/index.tsx
FN:30,CategorySelect
FN:32,handleCategorySelect
FN:44,(anonymous_2)
FN:45,(anonymous_3)
FN:47,(anonymous_4)
FN:54,(anonymous_5)
FNF:6
FNH:4
FNDA:3,CategorySelect
FNDA:0,handleCategorySelect
FNDA:18,(anonymous_2)
FNDA:18,(anonymous_3)
FNDA:0,(anonymous_4)
FNDA:15,(anonymous_5)
DA:33,0
DA:36,3
DA:44,18
DA:46,18
DA:47,0
DA:54,15
LF:6
LH:4
BRF:0
BRH:0
end_of_record
TN:
SF:src/screens/Dashboard/index.tsx
FN:44,Dashboard
FN:51,getLastTransactionDate
FN:57,(anonymous_2)
FN:64,(anonymous_3)
FN:72,loadTransactions
FN:80,(anonymous_5)
FN:137,(anonymous_6)
FN:141,(anonymous_7)
FN:194,(anonymous_8)
FN:195,(anonymous_9)
FNF:10
FNH:0
FNDA:0,Dashboard
FNDA:0,getLastTransactionDate
FNDA:0,(anonymous_2)
FNDA:0,(anonymous_3)
FNDA:0,loadTransactions
FNDA:0,(anonymous_5)
FNDA:0,(anonymous_6)
FNDA:0,(anonymous_7)
FNDA:0,(anonymous_8)
FNDA:0,(anonymous_9)
DA:45,0
DA:46,0
DA:47,0
DA:48,0
DA:49,0
DA:56,0
DA:57,0
DA:59,0
DA:60,0
DA:62,0
DA:64,0
DA:66,0
DA:73,0
DA:74,0
DA:75,0
DA:77,0
DA:78,0
DA:80,0
DA:82,0
DA:83,0
DA:85,0
DA:88,0
DA:91,0
DA:97,0
DA:104,0
DA:106,0
DA:107,0
DA:108,0
DA:110,0
DA:134,0
DA:137,0
DA:138,0
DA:141,0
DA:142,0
DA:145,0
DA:194,0
DA:195,0
LF:37
LH:0
BRDA:59,0,0,0
BRDA:59,0,1,0
BRDA:75,1,0,0
BRDA:75,1,1,0
BRDA:82,2,0,0
BRDA:82,2,1,0
BRDA:108,3,0,0
BRDA:108,3,1,0
BRDA:116,4,0,0
BRDA:116,4,1,0
BRDA:123,5,0,0
BRDA:123,5,1,0
BRDA:147,6,0,0
BRDA:147,6,1,0
BRF:14
BRH:0
end_of_record
TN:
SF:src/screens/Profile/index.tsx
FN:9,(anonymous_0)
FN:26,(anonymous_1)
FNF:2
FNH:1
FNDA:4,(anonymous_0)
FNDA:0,(anonymous_1)
DA:9,1
DA:10,4
LF:2
LH:2
BRF:0
BRH:0
end_of_record
TN:
SF:src/screens/Register/index.tsx
FN:49,Register
FN:67,handleOpenCategoryModal
FN:71,handleCloseCategoryModal
FN:75,handleTransactionTypeSelect
FN:79,handleRegister
FN:148,(anonymous_5)
FN:154,(anonymous_6)
FNF:7
FNH:2
FNDA:3,Register
FNDA:1,handleOpenCategoryModal
FNDA:0,handleCloseCategoryModal
FNDA:0,handleTransactionTypeSelect
FNDA:0,handleRegister
FNDA:0,(anonymous_5)
FNDA:0,(anonymous_6)
DA:38,1
DA:55,3
DA:56,3
DA:58,3
DA:60,3
DA:61,3
DA:62,3
DA:68,1
DA:72,0
DA:76,0
DA:80,0
DA:81,0
DA:84,0
DA:85,0
DA:88,0
DA:96,0
DA:97,0
DA:98,0
DA:99,0
DA:101,0
DA:103,0
DA:105,0
DA:106,0
DA:107,0
DA:112,0
DA:115,0
DA:116,0
DA:120,3
DA:148,0
DA:154,0
LF:30
LH:9
BRDA:80,0,0,0
BRDA:80,0,1,0
BRDA:84,1,0,0
BRDA:84,1,1,0
BRDA:99,2,0,0
BRDA:99,2,1,0
BRDA:134,3,0,3
BRDA:134,3,1,0
BRDA:141,4,0,3
BRDA:141,4,1,0
BRF:10
BRH:2
end_of_record
TN:
SF:src/screens/Resume/index.tsx
FN:50,Resume
FN:58,handleChangeDate
FN:66,getTransactions
FN:73,(anonymous_3)
FN:80,(anonymous_4)
FN:86,(anonymous_5)
FN:89,(anonymous_6)
FN:119,(anonymous_7)
FN:142,(anonymous_8)
FN:152,(anonymous_9)
FN:164,(anonymous_10)
FN:176,(anonymous_11)
FNF:12
FNH:0
FNDA:0,Resume
FNDA:0,handleChangeDate
FNDA:0,getTransactions
FNDA:0,(anonymous_3)
FNDA:0,(anonymous_4)
FNDA:0,(anonymous_5)
FNDA:0,(anonymous_6)
FNDA:0,(anonymous_7)
FNDA:0,(anonymous_8)
FNDA:0,(anonymous_9)
FNDA:0,(anonymous_10)
FNDA:0,(anonymous_11)
DA:51,0
DA:52,0
DA:54,0
DA:55,0
DA:56,0
DA:59,0
DA:60,0
DA:62,0
DA:67,0
DA:68,0
DA:69,0
DA:70,0
DA:72,0
DA:74,0
DA:79,0
DA:81,0
DA:84,0
DA:86,0
DA:87,0
DA:89,0
DA:90,0
DA:91,0
DA:95,0
DA:96,0
DA:101,0
DA:103,0
DA:115,0
DA:116,0
DA:119,0
DA:120,0
DA:123,0
DA:142,0
DA:152,0
DA:164,0
DA:177,0
LF:35
LH:0
BRDA:59,0,0,0
BRDA:59,0,1,0
BRDA:70,1,0,0
BRDA:70,1,1,0
BRDA:74,2,0,0
BRDA:74,2,1,0
BRDA:74,2,2,0
BRDA:90,3,0,0
BRDA:90,3,1,0
BRDA:95,4,0,0
BRDA:95,4,1,0
BRDA:128,5,0,0
BRDA:128,5,1,0
BRDA:157,6,0,0
BRDA:157,6,1,0
BRF:15
BRH:0
end_of_record
TN:
SF:src/screens/SignIn/index.tsx
FN:24,SignIn
FN:29,handleSignInWithGoogle
FN:40,handleSignInWithApple
FNF:3
FNH:0
FNDA:0,SignIn
FNDA:0,handleSignInWithGoogle
FNDA:0,handleSignInWithApple
DA:25,0
DA:26,0
DA:27,0
DA:30,0
DA:31,0
DA:32,0
DA:34,0
DA:35,0
DA:36,0
DA:41,0
DA:42,0
DA:43,0
DA:45,0
DA:46,0
DA:47,0
DA:51,0
LF:16
LH:0
BRDA:66,0,0,0
BRDA:66,0,1,0
BRDA:85,1,0,0
BRDA:85,1,1,0
BRDA:94,2,0,0
BRDA:94,2,1,0
BRF:6
BRH:0
end_of_record
